<?xml version="1.0" encoding="UTF-8"?>
<testsuite xmlns:xsi="http://www.w3.org/2001/XMLSchema-instance" xsi:noNamespaceSchemaLocation="https://maven.apache.org/surefire/maven-surefire-plugin/xsd/surefire-test-report-3.0.xsd" version="3.0" name="TestSuite" time="96.651" tests="18" errors="0" skipped="0" failures="0">
  <properties>
[...]
</properties>
  <testcase name="runScenario[&quot;Verify list of superHero&quot;, &quot;Optional[Super Hero Feature]&quot;](1)" classname="runner.TestRunner" time="29.278">
    <system-out><![CDATA[
Scenario: Verify list of superHero &amp#27;[90m# src/test/java/features/SuperHero.feature:6&amp#27;[0m
  &amp#27;[32mGiven &amp#27;[0m&amp#27;[32ma user details&amp#27;[0m             &amp#27;[90m# steps.MyStepdefs.aUserDetails()&amp#27;[0m
Request method:	GET
Request URI:	http://localhost:8090/heroes
Proxy:			<none>
Request params:	<none>
Query params:	<none>
Form params:	<none>
Path params:	<none>
Headers:		Accept=application/json
				Authorization=Basic dXNlcm5hbWU6cGFzc3dvcmQ=
				Content-Type=application/json
Cookies:		<none>
Multiparts:		<none>
Body:			<none>
HTTP/1.1 200 
Set-Cookie: JSESSIONID=C31563FFAAC2D51C85EB48DC06558075; Path=/; HttpOnly
X-Content-Type-Options: nosniff
X-XSS-Protection: 1; mode=block
Cache-Control: no-cache, no-store, max-age=0, must-revalidate
Pragma: no-cache
Expires: 0
X-Frame-Options: DENY
Content-Type: application/json
Transfer-Encoding: chunked
Date: Tue, 16 Aug 2022 04:51:32 GMT
Keep-Alive: timeout=60
Connection: keep-alive

[
    {
        "id": 1,
        "name": "Tony",
        "superName": "Iron Man",
        "profession": "Teacher",
        "age": 53,
        "canFly": true
    },
    {
        "id": 2,
        "name": "Tony",
        "superName": "Iron Man",
        "profession": "Teacher",
        "age": 53,
        "canFly": true
    },
    {
        "id": 3,
        "name": "Tony",
        "superName": "Iron Man",
        "profession": "Teacher",
        "age": 53,
        "canFly": false
    },
    {
        "id": 4,
        "name": "peter",
        "superName": "spider man",
        "profession": "student",
        "age": 25,
        "canFly": true
    },
    {
        "id": 5,
        "name": "peter",
        "superName": "spider man",
        "profession": "student",
        "age": 25,
        "canFly": true
    },
    {
        "id": 6,
        "name": "peter",
        "superName": "spider man",
        "profession": "student",
        "age": 25,
        "canFly": true
    },
    {
        "id": 7,
        "name": "peter",
        "superName": "spider man",
        "profession": "student",
        "age": 25,
        "canFly": true
    },
    {
        "id": 8,
        "name": "peter",
        "superName": "spider man",
        "profession": "student",
        "age": 25,
        "canFly": true
    }
]
  &amp#27;[32mWhen &amp#27;[0m&amp#27;[32mbaseurl is given&amp#27;[0m            &amp#27;[90m# steps.MyStepdefs.baseurlIsGiven()&amp#27;[0m
  &amp#27;[32mThen &amp#27;[0m&amp#27;[32mdisplay list&amp#27;[0m                &amp#27;[90m# steps.MyStepdefs.displayList()&amp#27;[0m
]]></system-out>
  </testcase>
  <testcase name="runScenario[&quot;Verify displaying single superHero&quot;, &quot;Optional[Super Hero Feature]&quot;](2)" classname="runner.TestRunner" time="10.462">
    <system-out><![CDATA[
Scenario: Verify displaying single superHero &amp#27;[90m# src/test/java/features/SuperHero.feature:10&amp#27;[0m
  &amp#27;[32mGiven &amp#27;[0m&amp#27;[32ma user details&amp#27;[0m                       &amp#27;[90m# steps.MyStepdefs.aUserDetails()&amp#27;[0m
Request method:	POST
Request URI:	http://localhost:8090/heroes
Proxy:			<none>
Request params:	<none>
Query params:	<none>
Form params:	<none>
Path params:	<none>
Headers:		Accept=application/json
				Authorization=Basic dXNlcm5hbWU6cGFzc3dvcmQ=
				Content-Type=application/json
Cookies:		<none>
Multiparts:		<none>
Body:
{
    "name": "Tony",
    "superName": "Iron Man",
    "profession": "Teacher",
    "age": 53,
    "canFly": true
}
HTTP/1.1 201 
Set-Cookie: JSESSIONID=9C882001FBFEFCCC2D0625EF22172B24; Path=/; HttpOnly
Location: http://localhost:8090/10
X-Content-Type-Options: nosniff
X-XSS-Protection: 1; mode=block
Cache-Control: no-cache, no-store, max-age=0, must-revalidate
Pragma: no-cache
Expires: 0
X-Frame-Options: DENY
Content-Type: application/json
Transfer-Encoding: chunked
Date: Tue, 16 Aug 2022 04:51:36 GMT
Keep-Alive: timeout=60
Connection: keep-alive

{
    "id": 10,
    "name": "Tony",
    "superName": "Iron Man",
    "profession": "Teacher",
    "age": 53,
    "canFly": true
}
  &amp#27;[32mGiven &amp#27;[0m&amp#27;[32mcreate superhero&amp#27;[0m                     &amp#27;[90m# steps.MyStepdefs.createSuperhero()&amp#27;[0m
Request method:	GET
Request URI:	http://localhost:8090/heroes/10
Proxy:			<none>
Request params:	<none>
Query params:	<none>
Form params:	<none>
Path params:	<none>
Headers:		Accept=application/json
				Authorization=Basic dXNlcm5hbWU6cGFzc3dvcmQ=
				Content-Type=application/json
Cookies:		<none>
Multiparts:		<none>
Body:			<none>
HTTP/1.1 200 
Set-Cookie: JSESSIONID=28E90E987A218A02DFCA9063A9F59EA5; Path=/; HttpOnly
X-Content-Type-Options: nosniff
X-XSS-Protection: 1; mode=block
Cache-Control: no-cache, no-store, max-age=0, must-revalidate
Pragma: no-cache
Expires: 0
X-Frame-Options: DENY
Content-Type: application/json
Transfer-Encoding: chunked
Date: Tue, 16 Aug 2022 04:51:43 GMT
Keep-Alive: timeout=60
Connection: keep-alive

{
    "id": 10,
    "name": "Tony",
    "superName": "Iron Man",
    "profession": "Teacher",
    "age": 53,
    "canFly": true
}
  &amp#27;[32mWhen &amp#27;[0m&amp#27;[32mbaseurl is given with created Id&amp#27;[0m      &amp#27;[90m# steps.MyStepdefs.baseurlIsGivenWithCreatedId()&amp#27;[0m
  &amp#27;[32mThen &amp#27;[0m&amp#27;[32mdisplay single superHero&amp#27;[0m              &amp#27;[90m# steps.MyStepdefs.displaySingleSuperHero()&amp#27;[0m
]]></system-out>
  </testcase>
  <testcase name="runScenario[&quot;Verify invalid superHero id&quot;, &quot;Optional[Super Hero Feature]&quot;](3)" classname="runner.TestRunner" time="10.482">
    <system-out><![CDATA[
Scenario: Verify invalid superHero id &amp#27;[90m# src/test/java/features/SuperHero.feature:15&amp#27;[0m
  &amp#27;[32mGiven &amp#27;[0m&amp#27;[32ma user details&amp#27;[0m                &amp#27;[90m# steps.MyStepdefs.aUserDetails()&amp#27;[0m
Request method:	GET
Request URI:	http://localhost:8090/heroes/1000
Proxy:			<none>
Request params:	<none>
Query params:	<none>
Form params:	<none>
Path params:	<none>
Headers:		Accept=application/json
				Authorization=Basic dXNlcm5hbWU6cGFzc3dvcmQ=
				Content-Type=application/json
Cookies:		<none>
Multiparts:		<none>
Body:			<none>
HTTP/1.1 500 
Set-Cookie: JSESSIONID=1450A53ADF846EDBBB712192FAF52154; Path=/; HttpOnly
X-Content-Type-Options: nosniff
X-XSS-Protection: 1; mode=block
Cache-Control: no-cache, no-store, max-age=0, must-revalidate
Pragma: no-cache
Expires: 0
X-Frame-Options: DENY
Content-Type: application/json
Transfer-Encoding: chunked
Date: Tue, 16 Aug 2022 04:51:54 GMT
Connection: close

{
    "timestamp": "2022-08-16T04:51:53.324+00:00",
    "status": 500,
    "error": "Internal Server Error",
    "path": "/heroes/1000"
}
  &amp#27;[32mWhen &amp#27;[0m&amp#27;[32msearching using invalid id&amp#27;[0m     &amp#27;[90m# steps.MyStepdefs.searchingUsingInvalidId()&amp#27;[0m
  &amp#27;[32mThen &amp#27;[0m&amp#27;[32mdisplay error&amp#27;[0m                  &amp#27;[90m# steps.MyStepdefs.displayError()&amp#27;[0m
]]></system-out>
  </testcase>
  <testcase name="runScenario[&quot;Verify invalid url&quot;, &quot;Optional[Super Hero Feature]&quot;](4)" classname="runner.TestRunner" time="4.268">
    <system-out><![CDATA[
Scenario: Verify invalid url       &amp#27;[90m# src/test/java/features/SuperHero.feature:19&amp#27;[0m
  &amp#27;[32mGiven &amp#27;[0m&amp#27;[32ma user details&amp#27;[0m             &amp#27;[90m# steps.MyStepdefs.aUserDetails()&amp#27;[0m
Request method:	GET
Request URI:	http://localhost:8090/heroess
Proxy:			<none>
Request params:	<none>
Query params:	<none>
Form params:	<none>
Path params:	<none>
Headers:		Accept=application/json
				Authorization=Basic dXNlcm5hbWU6cGFzc3dvcmQ=
				Content-Type=application/json
Cookies:		<none>
Multiparts:		<none>
Body:			<none>
HTTP/1.1 404 
Set-Cookie: JSESSIONID=5F04DA4C2E25E05F566F7BC36FB553C4; Path=/; HttpOnly
Vary: Origin
Vary: Access-Control-Request-Method
Vary: Access-Control-Request-Headers
X-Content-Type-Options: nosniff
X-XSS-Protection: 1; mode=block
Cache-Control: no-cache, no-store, max-age=0, must-revalidate
Pragma: no-cache
Expires: 0
X-Frame-Options: DENY
Content-Type: application/json
Transfer-Encoding: chunked
Date: Tue, 16 Aug 2022 04:51:58 GMT
Keep-Alive: timeout=60
Connection: keep-alive

{
    "timestamp": "2022-08-16T04:51:58.617+00:00",
    "status": 404,
    "error": "Not Found",
    "path": "/heroess"
}
  &amp#27;[32mWhen &amp#27;[0m&amp#27;[32msearching using invalid url&amp#27;[0m &amp#27;[90m# steps.MyStepdefs.searchingUsingInvalidUrl()&amp#27;[0m
  &amp#27;[32mThen &amp#27;[0m&amp#27;[32mdisplay message&amp#27;[0m             &amp#27;[90m# steps.MyStepdefs.displayMessage()&amp#27;[0m
]]></system-out>
  </testcase>
  <testcase name="runScenario[&quot;Verify that a superHero is created&quot;, &quot;Optional[Super Hero Feature]&quot;](5)" classname="runner.TestRunner" time="1.338">
    <system-out><![CDATA[
Scenario: Verify that a superHero is created &amp#27;[90m# src/test/java/features/SuperHero.feature:24&amp#27;[0m
  &amp#27;[32mGiven &amp#27;[0m&amp#27;[32ma user details&amp#27;[0m                       &amp#27;[90m# steps.MyStepdefs.aUserDetails()&amp#27;[0m
Request method:	POST
Request URI:	http://localhost:8090/heroes
Proxy:			<none>
Request params:	<none>
Query params:	<none>
Form params:	<none>
Path params:	<none>
Headers:		Accept=application/json
				Authorization=Basic dXNlcm5hbWU6cGFzc3dvcmQ=
				Content-Type=application/json
Cookies:		<none>
Multiparts:		<none>
Body:
{
    "name": "Tony",
    "superName": "Iron Man",
    "profession": "Teacher",
    "age": 53,
    "canFly": true
}
HTTP/1.1 201 
Set-Cookie: JSESSIONID=411C7321DEA95FD9D96D98EC871BBAC0; Path=/; HttpOnly
Location: http://localhost:8090/11
X-Content-Type-Options: nosniff
X-XSS-Protection: 1; mode=block
Cache-Control: no-cache, no-store, max-age=0, must-revalidate
Pragma: no-cache
Expires: 0
X-Frame-Options: DENY
Content-Type: application/json
Transfer-Encoding: chunked
Date: Tue, 16 Aug 2022 04:51:59 GMT
Keep-Alive: timeout=60
Connection: keep-alive

{
    "id": 11,
    "name": "Tony",
    "superName": "Iron Man",
    "profession": "Teacher",
    "age": 53,
    "canFly": true
}
  &amp#27;[32mWhen &amp#27;[0m&amp#27;[32mpost the superhero&amp#27;[0m                    &amp#27;[90m# steps.MyStepdefs.postTheSuperhero()&amp#27;[0m
  &amp#27;[32mThen &amp#27;[0m&amp#27;[32mthe super hero is created&amp#27;[0m             &amp#27;[90m# steps.MyStepdefs.theSuperHeroIsCreated()&amp#27;[0m
]]></system-out>
  </testcase>
  <testcase name="runScenario[&quot;Verify that a superHero is not created with empty name value&quot;, &quot;Optional[Super Hero Feature]&quot;](6)" classname="runner.TestRunner" time="0.625">
    <system-out><![CDATA[
Scenario: Verify that a superHero is not created with empty name value &amp#27;[90m# src/test/java/features/SuperHero.feature:28&amp#27;[0m
  &amp#27;[32mGiven &amp#27;[0m&amp#27;[32ma user details&amp#27;[0m                                                 &amp#27;[90m# steps.MyStepdefs.aUserDetails()&amp#27;[0m
Request method:	POST
Request URI:	http://localhost:8090/heroes
Proxy:			<none>
Request params:	<none>
Query params:	<none>
Form params:	<none>
Path params:	<none>
Headers:		Accept=application/json
				Authorization=Basic dXNlcm5hbWU6cGFzc3dvcmQ=
				Content-Type=application/json
Cookies:		<none>
Multiparts:		<none>
Body:
{
    "superName": "Iron Man",
    "profession": "Teacher",
    "age": 53,
    "canFly": true
}
HTTP/1.1 400 
Set-Cookie: JSESSIONID=5AF348DA2182AF825B877C359ACC35EB; Path=/; HttpOnly
X-Content-Type-Options: nosniff
X-XSS-Protection: 1; mode=block
Cache-Control: no-cache, no-store, max-age=0, must-revalidate
Pragma: no-cache
Expires: 0
X-Frame-Options: DENY
Content-Type: application/json
Transfer-Encoding: chunked
Date: Tue, 16 Aug 2022 04:51:59 GMT
Connection: close

{
    "message": "Name is required"
}
  &amp#27;[32mWhen &amp#27;[0m&amp#27;[32mcreating a superhero with no name value&amp#27;[0m                         &amp#27;[90m# steps.MyStepdefs.creatingASuperheroWithNoNameValue()&amp#27;[0m
  &amp#27;[32mThen &amp#27;[0m&amp#27;[32mthe super hero is not created&amp#27;[0m                                   &amp#27;[90m# steps.MyStepdefs.theSuperHeroIsNotCreated()&amp#27;[0m
]]></system-out>
  </testcase>
  <testcase name="runScenario[&quot;Verify that a superHero is not created with empty super value&quot;, &quot;Optional[Super Hero Feature]&quot;](7)" classname="runner.TestRunner" time="0.468">
    <system-out><![CDATA[
Scenario: Verify that a superHero is not created with empty super value &amp#27;[90m# src/test/java/features/SuperHero.feature:33&amp#27;[0m
  &amp#27;[32mGiven &amp#27;[0m&amp#27;[32ma user details&amp#27;[0m                                                  &amp#27;[90m# steps.MyStepdefs.aUserDetails()&amp#27;[0m
Request method:	POST
Request URI:	http://localhost:8090/heroes
Proxy:			<none>
Request params:	<none>
Query params:	<none>
Form params:	<none>
Path params:	<none>
Headers:		Accept=application/json
				Authorization=Basic dXNlcm5hbWU6cGFzc3dvcmQ=
				Content-Type=application/json
Cookies:		<none>
Multiparts:		<none>
Body:
{
    "name": "Tony",
    "profession": "Teacher",
    "age": 53,
    "canFly": true
}
HTTP/1.1 400 
Set-Cookie: JSESSIONID=A9528D496A587E4706817C8C76FB270A; Path=/; HttpOnly
X-Content-Type-Options: nosniff
X-XSS-Protection: 1; mode=block
Cache-Control: no-cache, no-store, max-age=0, must-revalidate
Pragma: no-cache
Expires: 0
X-Frame-Options: DENY
Content-Type: application/json
Transfer-Encoding: chunked
Date: Tue, 16 Aug 2022 04:52:00 GMT
Connection: close

{
    "message": "Super Name is required"
}
  &amp#27;[32mWhen &amp#27;[0m&amp#27;[32mcreating a superhero with no super name value&amp#27;[0m                    &amp#27;[90m# steps.MyStepdefs.creatingASuperheroWithNoSuperNameValue()&amp#27;[0m
  &amp#27;[32mThen &amp#27;[0m&amp#27;[32mcannot create without super name&amp#27;[0m                                 &amp#27;[90m# steps.MyStepdefs.cannotCreateWithoutSuperName()&amp#27;[0m
]]></system-out>
  </testcase>
  <testcase name="runScenario[&quot;Verify that a superHero is not created with empty profession value&quot;, &quot;Optional[Super Hero Feature]&quot;](8)" classname="runner.TestRunner" time="0.475">
    <system-out><![CDATA[
Scenario: Verify that a superHero is not created with empty profession value &amp#27;[90m# src/test/java/features/SuperHero.feature:38&amp#27;[0m
  &amp#27;[32mGiven &amp#27;[0m&amp#27;[32ma user details&amp#27;[0m                                                       &amp#27;[90m# steps.MyStepdefs.aUserDetails()&amp#27;[0m
Request method:	POST
Request URI:	http://localhost:8090/heroes
Proxy:			<none>
Request params:	<none>
Query params:	<none>
Form params:	<none>
Path params:	<none>
Headers:		Accept=application/json
				Authorization=Basic dXNlcm5hbWU6cGFzc3dvcmQ=
				Content-Type=application/json
Cookies:		<none>
Multiparts:		<none>
Body:
{
    "name": "Tony",
    "superName": "Iron Man",
    "age": 53,
    "canFly": true
}
HTTP/1.1 400 
Set-Cookie: JSESSIONID=F1181803FF27A6FB43B5CA08FCE3F19F; Path=/; HttpOnly
X-Content-Type-Options: nosniff
X-XSS-Protection: 1; mode=block
Cache-Control: no-cache, no-store, max-age=0, must-revalidate
Pragma: no-cache
Expires: 0
X-Frame-Options: DENY
Content-Type: application/json
Transfer-Encoding: chunked
Date: Tue, 16 Aug 2022 04:52:00 GMT
Connection: close

{
    "message": "Profession is required"
}
  &amp#27;[32mWhen &amp#27;[0m&amp#27;[32mcreating a superhero with no profession value&amp#27;[0m                         &amp#27;[90m# steps.MyStepdefs.creatingASuperheroWithNoProfessionValue()&amp#27;[0m
  &amp#27;[32mThen &amp#27;[0m&amp#27;[32mcannot create without profession&amp#27;[0m                                      &amp#27;[90m# steps.MyStepdefs.cannotCreateWithoutProfession()&amp#27;[0m
]]></system-out>
  </testcase>
  <testcase name="runScenario[&quot;Verify that a superHero is not created with empty age value&quot;, &quot;Optional[Super Hero Feature]&quot;](9)" classname="runner.TestRunner" time="0.653">
    <system-out><![CDATA[
Scenario: Verify that a superHero is not created with empty age value &amp#27;[90m# src/test/java/features/SuperHero.feature:43&amp#27;[0m
  &amp#27;[32mGiven &amp#27;[0m&amp#27;[32ma user details&amp#27;[0m                                                &amp#27;[90m# steps.MyStepdefs.aUserDetails()&amp#27;[0m
Request method:	POST
Request URI:	http://localhost:8090/heroes
Proxy:			<none>
Request params:	<none>
Query params:	<none>
Form params:	<none>
Path params:	<none>
Headers:		Accept=application/json
				Authorization=Basic dXNlcm5hbWU6cGFzc3dvcmQ=
				Content-Type=application/json
Cookies:		<none>
Multiparts:		<none>
Body:
{
    "name": "Tony",
    "superName": "Iron Man",
    "profession": "Teacher",
    "canFly": true
}
HTTP/1.1 400 
Set-Cookie: JSESSIONID=A1C3A1F0EEB7DD8436558167BEC135F8; Path=/; HttpOnly
X-Content-Type-Options: nosniff
X-XSS-Protection: 1; mode=block
Cache-Control: no-cache, no-store, max-age=0, must-revalidate
Pragma: no-cache
Expires: 0
X-Frame-Options: DENY
Content-Type: application/json
Transfer-Encoding: chunked
Date: Tue, 16 Aug 2022 04:52:02 GMT
Connection: close

{
    "message": "Age is required"
}
  &amp#27;[32mWhen &amp#27;[0m&amp#27;[32mcreating a superhero with no age value&amp#27;[0m                         &amp#27;[90m# steps.MyStepdefs.creatingASuperheroWithNoAgeValue()&amp#27;[0m
  &amp#27;[32mThen &amp#27;[0m&amp#27;[32mcannot create without age&amp#27;[0m                                      &amp#27;[90m# steps.MyStepdefs.cannotCreateWithoutAge()&amp#27;[0m
]]></system-out>
  </testcase>
  <testcase name="runScenario[&quot;Verify that a superHero is  created without canFly value&quot;, &quot;Optional[Super Hero Feature]&quot;](10)" classname="runner.TestRunner" time="3.504">
    <system-out><![CDATA[
Scenario: Verify that a superHero is  created without canFly value &amp#27;[90m# src/test/java/features/SuperHero.feature:47&amp#27;[0m
  &amp#27;[32mGiven &amp#27;[0m&amp#27;[32ma user details&amp#27;[0m                                             &amp#27;[90m# steps.MyStepdefs.aUserDetails()&amp#27;[0m
Request method:	POST
Request URI:	http://localhost:8090/heroes
Proxy:			<none>
Request params:	<none>
Query params:	<none>
Form params:	<none>
Path params:	<none>
Headers:		Accept=application/json
				Authorization=Basic dXNlcm5hbWU6cGFzc3dvcmQ=
				Content-Type=application/json
Cookies:		<none>
Multiparts:		<none>
Body:
{
    "name": "Tony",
    "superName": "Iron Man",
    "profession": "Teacher",
    "age": 53
}
HTTP/1.1 201 
Set-Cookie: JSESSIONID=DECDF16C0A803DCE6660E844A29F43CF; Path=/; HttpOnly
Location: http://localhost:8090/12
X-Content-Type-Options: nosniff
X-XSS-Protection: 1; mode=block
Cache-Control: no-cache, no-store, max-age=0, must-revalidate
Pragma: no-cache
Expires: 0
X-Frame-Options: DENY
Content-Type: application/json
Transfer-Encoding: chunked
Date: Tue, 16 Aug 2022 04:52:03 GMT
Keep-Alive: timeout=60
Connection: keep-alive

{
    "id": 12,
    "name": "Tony",
    "superName": "Iron Man",
    "profession": "Teacher",
    "age": 53,
    "canFly": false
}
  &amp#27;[32mWhen &amp#27;[0m&amp#27;[32mcreating a superhero with no canFly value&amp#27;[0m                   &amp#27;[90m# steps.MyStepdefs.creatingASuperheroWithNoCanFlyValue()&amp#27;[0m
  &amp#27;[32mThen &amp#27;[0m&amp#27;[32mcreate with default canFly value&amp#27;[0m                            &amp#27;[90m# steps.MyStepdefs.createWithDefaultCanFlyValue()&amp#27;[0m
]]></system-out>
  </testcase>
  <testcase name="runScenario[&quot;Verify that the user name is updated&quot;, &quot;Optional[Super Hero Feature]&quot;](11)" classname="runner.TestRunner" time="2.795">
    <system-out><![CDATA[
Scenario: Verify that the user name is updated &amp#27;[90m# src/test/java/features/SuperHero.feature:53&amp#27;[0m
  &amp#27;[32mGiven &amp#27;[0m&amp#27;[32ma user details&amp#27;[0m                         &amp#27;[90m# steps.MyStepdefs.aUserDetails()&amp#27;[0m
Request method:	POST
Request URI:	http://localhost:8090/heroes
Proxy:			<none>
Request params:	<none>
Query params:	<none>
Form params:	<none>
Path params:	<none>
Headers:		Accept=application/json
				Authorization=Basic dXNlcm5hbWU6cGFzc3dvcmQ=
				Content-Type=application/json
Cookies:		<none>
Multiparts:		<none>
Body:
{
    "name": "peter",
    "superName": "spider man",
    "profession": "student",
    "age": 25,
    "canFly": true
}
HTTP/1.1 201 
Set-Cookie: JSESSIONID=42037BA5DE7905FCD6C00B5F3F738C67; Path=/; HttpOnly
Location: http://localhost:8090/13
X-Content-Type-Options: nosniff
X-XSS-Protection: 1; mode=block
Cache-Control: no-cache, no-store, max-age=0, must-revalidate
Pragma: no-cache
Expires: 0
X-Frame-Options: DENY
Content-Type: application/json
Transfer-Encoding: chunked
Date: Tue, 16 Aug 2022 04:52:06 GMT
Keep-Alive: timeout=60
Connection: keep-alive

{
    "id": 13,
    "name": "peter",
    "superName": "spider man",
    "profession": "student",
    "age": 25,
    "canFly": true
}
  &amp#27;[32mGiven &amp#27;[0m&amp#27;[32mCreate a user&amp#27;[0m                          &amp#27;[90m# steps.MyStepdefs.createAUser()&amp#27;[0m
Request method:	PUT
Request URI:	http://localhost:8090/heroes/13
Proxy:			<none>
Request params:	<none>
Query params:	<none>
Form params:	<none>
Path params:	<none>
Headers:		Accept=application/json
				Authorization=Basic dXNlcm5hbWU6cGFzc3dvcmQ=
				Content-Type=application/json
Cookies:		<none>
Multiparts:		<none>
Body:
{
    "name": "peter",
    "superName": "spider man",
    "profession": "student",
    "age": 25,
    "canFly": true
}
HTTP/1.1 200 
Set-Cookie: JSESSIONID=A585E6333AB33C66785B2751951A545C; Path=/; HttpOnly
X-Content-Type-Options: nosniff
X-XSS-Protection: 1; mode=block
Cache-Control: no-cache, no-store, max-age=0, must-revalidate
Pragma: no-cache
Expires: 0
X-Frame-Options: DENY
Content-Type: application/json
Transfer-Encoding: chunked
Date: Tue, 16 Aug 2022 04:52:08 GMT
Keep-Alive: timeout=60
Connection: keep-alive

{
    "id": 13,
    "name": "peter",
    "superName": "spider man",
    "profession": "student",
    "age": 25,
    "canFly": true
}
  &amp#27;[32mWhen &amp#27;[0m&amp#27;[32mupdating a user name&amp#27;[0m                    &amp#27;[90m# steps.MyStepdefs.updatingAUserName()&amp#27;[0m
  &amp#27;[32mThen &amp#27;[0m&amp#27;[32mUser name must be updated&amp#27;[0m               &amp#27;[90m# steps.MyStepdefs.userNameMustBeUpdated()&amp#27;[0m
]]></system-out>
  </testcase>
  <testcase name="runScenario[&quot;Verify that the user super name is updated&quot;, &quot;Optional[Super Hero Feature]&quot;](12)" classname="runner.TestRunner" time="2.89">
    <system-out><![CDATA[
Scenario: Verify that the user super name is updated &amp#27;[90m# src/test/java/features/SuperHero.feature:59&amp#27;[0m
  &amp#27;[32mGiven &amp#27;[0m&amp#27;[32ma user details&amp#27;[0m                               &amp#27;[90m# steps.MyStepdefs.aUserDetails()&amp#27;[0m
Request method:	POST
Request URI:	http://localhost:8090/heroes
Proxy:			<none>
Request params:	<none>
Query params:	<none>
Form params:	<none>
Path params:	<none>
Headers:		Accept=application/json
				Authorization=Basic dXNlcm5hbWU6cGFzc3dvcmQ=
				Content-Type=application/json
Cookies:		<none>
Multiparts:		<none>
Body:
{
    "name": "peter",
    "superName": "spider man",
    "profession": "student",
    "age": 25,
    "canFly": true
}
HTTP/1.1 201 
Set-Cookie: JSESSIONID=386AC5FFE99426E8685448589BA9E525; Path=/; HttpOnly
Location: http://localhost:8090/14
X-Content-Type-Options: nosniff
X-XSS-Protection: 1; mode=block
Cache-Control: no-cache, no-store, max-age=0, must-revalidate
Pragma: no-cache
Expires: 0
X-Frame-Options: DENY
Content-Type: application/json
Transfer-Encoding: chunked
Date: Tue, 16 Aug 2022 04:52:08 GMT
Keep-Alive: timeout=60
Connection: keep-alive

{
    "id": 14,
    "name": "peter",
    "superName": "spider man",
    "profession": "student",
    "age": 25,
    "canFly": true
}
  &amp#27;[32mGiven &amp#27;[0m&amp#27;[32mCreate a user&amp#27;[0m                                &amp#27;[90m# steps.MyStepdefs.createAUser()&amp#27;[0m
Request method:	PUT
Request URI:	http://localhost:8090/heroes/14
Proxy:			<none>
Request params:	<none>
Query params:	<none>
Form params:	<none>
Path params:	<none>
Headers:		Accept=application/json
				Authorization=Basic dXNlcm5hbWU6cGFzc3dvcmQ=
				Content-Type=application/json
Cookies:		<none>
Multiparts:		<none>
Body:
{
    "name": "peter",
    "superName": "spider man",
    "profession": "student",
    "age": 25,
    "canFly": true
}
HTTP/1.1 200 
Set-Cookie: JSESSIONID=17A92E85A8F29EB69CA4013AED9C7A62; Path=/; HttpOnly
X-Content-Type-Options: nosniff
X-XSS-Protection: 1; mode=block
Cache-Control: no-cache, no-store, max-age=0, must-revalidate
Pragma: no-cache
Expires: 0
X-Frame-Options: DENY
Content-Type: application/json
Transfer-Encoding: chunked
Date: Tue, 16 Aug 2022 04:52:10 GMT
Keep-Alive: timeout=60
Connection: keep-alive

{
    "id": 14,
    "name": "peter",
    "superName": "spider man",
    "profession": "student",
    "age": 25,
    "canFly": true
}
  &amp#27;[32mWhen &amp#27;[0m&amp#27;[32mupdating super name of user&amp#27;[0m                   &amp#27;[90m# steps.MyStepdefs.updatingSuperNameOfUser()&amp#27;[0m
  &amp#27;[32mThen &amp#27;[0m&amp#27;[32mUser super name must be updated&amp#27;[0m               &amp#27;[90m# steps.MyStepdefs.userSuperNameMustBeUpdated()&amp#27;[0m
]]></system-out>
  </testcase>
  <testcase name="runScenario[&quot;Verify that the user profession is updated&quot;, &quot;Optional[Super Hero Feature]&quot;](13)" classname="runner.TestRunner" time="1.479">
    <system-out><![CDATA[
Scenario: Verify that the user profession is updated &amp#27;[90m# src/test/java/features/SuperHero.feature:64&amp#27;[0m
  &amp#27;[32mGiven &amp#27;[0m&amp#27;[32ma user details&amp#27;[0m                               &amp#27;[90m# steps.MyStepdefs.aUserDetails()&amp#27;[0m
Request method:	POST
Request URI:	http://localhost:8090/heroes
Proxy:			<none>
Request params:	<none>
Query params:	<none>
Form params:	<none>
Path params:	<none>
Headers:		Accept=application/json
				Authorization=Basic dXNlcm5hbWU6cGFzc3dvcmQ=
				Content-Type=application/json
Cookies:		<none>
Multiparts:		<none>
Body:
{
    "name": "peter",
    "superName": "spider man",
    "profession": "student",
    "age": 25,
    "canFly": true
}
HTTP/1.1 201 
Set-Cookie: JSESSIONID=83EFCB7BFF5FFFD16021ED4CE6D23EFB; Path=/; HttpOnly
Location: http://localhost:8090/15
X-Content-Type-Options: nosniff
X-XSS-Protection: 1; mode=block
Cache-Control: no-cache, no-store, max-age=0, must-revalidate
Pragma: no-cache
Expires: 0
X-Frame-Options: DENY
Content-Type: application/json
Transfer-Encoding: chunked
Date: Tue, 16 Aug 2022 04:52:11 GMT
Keep-Alive: timeout=60
Connection: keep-alive

{
    "id": 15,
    "name": "peter",
    "superName": "spider man",
    "profession": "student",
    "age": 25,
    "canFly": true
}
  &amp#27;[32mGiven &amp#27;[0m&amp#27;[32mCreate a user&amp#27;[0m                                &amp#27;[90m# steps.MyStepdefs.createAUser()&amp#27;[0m
Request method:	PUT
Request URI:	http://localhost:8090/heroes/15
Proxy:			<none>
Request params:	<none>
Query params:	<none>
Form params:	<none>
Path params:	<none>
Headers:		Accept=application/json
				Authorization=Basic dXNlcm5hbWU6cGFzc3dvcmQ=
				Content-Type=application/json
Cookies:		<none>
Multiparts:		<none>
Body:
{
    "name": "peter",
    "superName": "spider man",
    "profession": "student",
    "age": 25,
    "canFly": true
}
HTTP/1.1 200 
Set-Cookie: JSESSIONID=5BD5F4F8D5A3EC1C57DC54A8CCA70DFA; Path=/; HttpOnly
X-Content-Type-Options: nosniff
X-XSS-Protection: 1; mode=block
Cache-Control: no-cache, no-store, max-age=0, must-revalidate
Pragma: no-cache
Expires: 0
X-Frame-Options: DENY
Content-Type: application/json
Transfer-Encoding: chunked
Date: Tue, 16 Aug 2022 04:52:11 GMT
Keep-Alive: timeout=60
Connection: keep-alive

{
    "id": 15,
    "name": "peter",
    "superName": "spider man",
    "profession": "student",
    "age": 25,
    "canFly": true
}
  &amp#27;[32mWhen &amp#27;[0m&amp#27;[32mupdating profession of user&amp#27;[0m                   &amp#27;[90m# steps.MyStepdefs.updatingProfessionOfUser()&amp#27;[0m
  &amp#27;[32mThen &amp#27;[0m&amp#27;[32mUser profession must be updated&amp#27;[0m               &amp#27;[90m# steps.MyStepdefs.userProfessionMustBeUpdated()&amp#27;[0m
]]></system-out>
  </testcase>
  <testcase name="runScenario[&quot;Verify that the user age is updated&quot;, &quot;Optional[Super Hero Feature]&quot;](14)" classname="runner.TestRunner" time="1.062">
    <system-out><![CDATA[
Scenario: Verify that the user age is updated &amp#27;[90m# src/test/java/features/SuperHero.feature:70&amp#27;[0m
  &amp#27;[32mGiven &amp#27;[0m&amp#27;[32ma user details&amp#27;[0m                        &amp#27;[90m# steps.MyStepdefs.aUserDetails()&amp#27;[0m
Request method:	POST
Request URI:	http://localhost:8090/heroes
Proxy:			<none>
Request params:	<none>
Query params:	<none>
Form params:	<none>
Path params:	<none>
Headers:		Accept=application/json
				Authorization=Basic dXNlcm5hbWU6cGFzc3dvcmQ=
				Content-Type=application/json
Cookies:		<none>
Multiparts:		<none>
Body:
{
    "name": "peter",
    "superName": "spider man",
    "profession": "student",
    "age": 25,
    "canFly": true
}
HTTP/1.1 201 
Set-Cookie: JSESSIONID=1DB80AE6E48D56A152AF20918DD879CE; Path=/; HttpOnly
Location: http://localhost:8090/16
X-Content-Type-Options: nosniff
X-XSS-Protection: 1; mode=block
Cache-Control: no-cache, no-store, max-age=0, must-revalidate
Pragma: no-cache
Expires: 0
X-Frame-Options: DENY
Content-Type: application/json
Transfer-Encoding: chunked
Date: Tue, 16 Aug 2022 04:52:13 GMT
Keep-Alive: timeout=60
Connection: keep-alive

{
    "id": 16,
    "name": "peter",
    "superName": "spider man",
    "profession": "student",
    "age": 25,
    "canFly": true
}
  &amp#27;[32mGiven &amp#27;[0m&amp#27;[32mCreate a user&amp#27;[0m                         &amp#27;[90m# steps.MyStepdefs.createAUser()&amp#27;[0m
Request method:	PUT
Request URI:	http://localhost:8090/heroes/16
Proxy:			<none>
Request params:	<none>
Query params:	<none>
Form params:	<none>
Path params:	<none>
Headers:		Accept=application/json
				Authorization=Basic dXNlcm5hbWU6cGFzc3dvcmQ=
				Content-Type=application/json
Cookies:		<none>
Multiparts:		<none>
Body:
{
    "name": "peter",
    "superName": "spider man",
    "profession": "student",
    "age": 25,
    "canFly": true
}
HTTP/1.1 200 
Set-Cookie: JSESSIONID=E7DA7D75FD81C7B7FE26ACA3ABA8C632; Path=/; HttpOnly
X-Content-Type-Options: nosniff
X-XSS-Protection: 1; mode=block
Cache-Control: no-cache, no-store, max-age=0, must-revalidate
Pragma: no-cache
Expires: 0
X-Frame-Options: DENY
Content-Type: application/json
Transfer-Encoding: chunked
Date: Tue, 16 Aug 2022 04:52:13 GMT
Keep-Alive: timeout=60
Connection: keep-alive

{
    "id": 16,
    "name": "peter",
    "superName": "spider man",
    "profession": "student",
    "age": 25,
    "canFly": true
}
  &amp#27;[32mWhen &amp#27;[0m&amp#27;[32mupdating age of user&amp#27;[0m                   &amp#27;[90m# steps.MyStepdefs.updatingAgeOfUser()&amp#27;[0m
  &amp#27;[32mThen &amp#27;[0m&amp#27;[32mUser age must be updated&amp#27;[0m               &amp#27;[90m# steps.MyStepdefs.userAgeMustBeUpdated()&amp#27;[0m
]]></system-out>
  </testcase>
  <testcase name="runScenario[&quot;Verify that the user canFly status is updated&quot;, &quot;Optional[Super Hero Feature]&quot;](15)" classname="runner.TestRunner" time="1.155">
    <system-out><![CDATA[
Scenario: Verify that the user canFly status is updated &amp#27;[90m# src/test/java/features/SuperHero.feature:76&amp#27;[0m
  &amp#27;[32mGiven &amp#27;[0m&amp#27;[32ma user details&amp#27;[0m                                  &amp#27;[90m# steps.MyStepdefs.aUserDetails()&amp#27;[0m
Request method:	POST
Request URI:	http://localhost:8090/heroes
Proxy:			<none>
Request params:	<none>
Query params:	<none>
Form params:	<none>
Path params:	<none>
Headers:		Accept=application/json
				Authorization=Basic dXNlcm5hbWU6cGFzc3dvcmQ=
				Content-Type=application/json
Cookies:		<none>
Multiparts:		<none>
Body:
{
    "name": "peter",
    "superName": "spider man",
    "profession": "student",
    "age": 25,
    "canFly": true
}
HTTP/1.1 201 
Set-Cookie: JSESSIONID=49265B10A7FB7C697273549A3A060807; Path=/; HttpOnly
Location: http://localhost:8090/17
X-Content-Type-Options: nosniff
X-XSS-Protection: 1; mode=block
Cache-Control: no-cache, no-store, max-age=0, must-revalidate
Pragma: no-cache
Expires: 0
X-Frame-Options: DENY
Content-Type: application/json
Transfer-Encoding: chunked
Date: Tue, 16 Aug 2022 04:52:14 GMT
Keep-Alive: timeout=60
Connection: keep-alive

{
    "id": 17,
    "name": "peter",
    "superName": "spider man",
    "profession": "student",
    "age": 25,
    "canFly": true
}
  &amp#27;[32mGiven &amp#27;[0m&amp#27;[32mCreate a user&amp#27;[0m                                   &amp#27;[90m# steps.MyStepdefs.createAUser()&amp#27;[0m
Request method:	PUT
Request URI:	http://localhost:8090/heroes/17
Proxy:			<none>
Request params:	<none>
Query params:	<none>
Form params:	<none>
Path params:	<none>
Headers:		Accept=application/json
				Authorization=Basic dXNlcm5hbWU6cGFzc3dvcmQ=
				Content-Type=application/json
Cookies:		<none>
Multiparts:		<none>
Body:
{
    "name": "peter",
    "superName": "spider man",
    "profession": "student",
    "age": 25,
    "canFly": true
}
HTTP/1.1 200 
Set-Cookie: JSESSIONID=13FD1BF58CDA5558487F1398F3F412A9; Path=/; HttpOnly
X-Content-Type-Options: nosniff
X-XSS-Protection: 1; mode=block
Cache-Control: no-cache, no-store, max-age=0, must-revalidate
Pragma: no-cache
Expires: 0
X-Frame-Options: DENY
Content-Type: application/json
Transfer-Encoding: chunked
Date: Tue, 16 Aug 2022 04:52:14 GMT
Keep-Alive: timeout=60
Connection: keep-alive

{
    "id": 17,
    "name": "peter",
    "superName": "spider man",
    "profession": "student",
    "age": 25,
    "canFly": true
}
  &amp#27;[32mWhen &amp#27;[0m&amp#27;[32mupdating canFly  status of user&amp#27;[0m                  &amp#27;[90m# steps.MyStepdefs.updatingCanFlyStatusOfUser()&amp#27;[0m
  &amp#27;[32mThen &amp#27;[0m&amp#27;[32mUser canFly status must be updated&amp#27;[0m               &amp#27;[90m# steps.MyStepdefs.userCanFlyStatusMustBeUpdated()&amp#27;[0m
]]></system-out>
  </testcase>
  <testcase name="runScenario[&quot;Verify that a invalid id cannot update&quot;, &quot;Optional[Super Hero Feature]&quot;](16)" classname="runner.TestRunner" time="0.632">
    <system-out><![CDATA[
Scenario: Verify that a invalid id cannot update &amp#27;[90m# src/test/java/features/SuperHero.feature:81&amp#27;[0m
  &amp#27;[32mGiven &amp#27;[0m&amp#27;[32ma user details&amp#27;[0m                           &amp#27;[90m# steps.MyStepdefs.aUserDetails()&amp#27;[0m
Request method:	PUT
Request URI:	http://localhost:8090/heroes/1000
Proxy:			<none>
Request params:	<none>
Query params:	<none>
Form params:	<none>
Path params:	<none>
Headers:		Accept=application/json
				Authorization=Basic dXNlcm5hbWU6cGFzc3dvcmQ=
				Content-Type=application/json
Cookies:		<none>
Multiparts:		<none>
Body:
{
    "name": "peter",
    "superName": "spider man",
    "profession": "student",
    "age": 25,
    "canFly": true
}
HTTP/1.1 500 
Set-Cookie: JSESSIONID=108428557C248FE479493F08D46499EF; Path=/; HttpOnly
X-Content-Type-Options: nosniff
X-XSS-Protection: 1; mode=block
Cache-Control: no-cache, no-store, max-age=0, must-revalidate
Pragma: no-cache
Expires: 0
X-Frame-Options: DENY
Content-Type: application/json
Transfer-Encoding: chunked
Date: Tue, 16 Aug 2022 04:52:15 GMT
Connection: close

{
    "timestamp": "2022-08-16T04:52:15.268+00:00",
    "status": 500,
    "error": "Internal Server Error",
    "path": "/heroes/1000"
}
errorInternal Server Error
  &amp#27;[32mWhen &amp#27;[0m&amp#27;[32mupdate invalid id&amp#27;[0m                         &amp#27;[90m# steps.MyStepdefs.updateInvalidId()&amp#27;[0m
  &amp#27;[32mThen &amp#27;[0m&amp#27;[32mdisplay invalid error&amp#27;[0m                     &amp#27;[90m# steps.MyStepdefs.displayInvalidError()&amp#27;[0m
]]></system-out>
  </testcase>
  <testcase name="runScenario[&quot;Verify that the user is deleted&quot;, &quot;Optional[Super Hero Feature]&quot;](17)" classname="runner.TestRunner" time="0.842">
    <system-out><![CDATA[
Scenario: Verify that the user is deleted &amp#27;[90m# src/test/java/features/SuperHero.feature:86&amp#27;[0m
  &amp#27;[32mGiven &amp#27;[0m&amp#27;[32ma user details&amp#27;[0m                    &amp#27;[90m# steps.MyStepdefs.aUserDetails()&amp#27;[0m
Request method:	POST
Request URI:	http://localhost:8090/heroes
Proxy:			<none>
Request params:	<none>
Query params:	<none>
Form params:	<none>
Path params:	<none>
Headers:		Accept=application/json
				Authorization=Basic dXNlcm5hbWU6cGFzc3dvcmQ=
				Content-Type=application/json
Cookies:		<none>
Multiparts:		<none>
Body:
{
    "name": "peter",
    "superName": "spider man2",
    "profession": "reporter",
    "age": 27
}
HTTP/1.1 201 
Set-Cookie: JSESSIONID=98F04B02ECF8165F6060C7D82719309F; Path=/; HttpOnly
Location: http://localhost:8090/18
X-Content-Type-Options: nosniff
X-XSS-Protection: 1; mode=block
Cache-Control: no-cache, no-store, max-age=0, must-revalidate
Pragma: no-cache
Expires: 0
X-Frame-Options: DENY
Content-Type: application/json
Transfer-Encoding: chunked
Date: Tue, 16 Aug 2022 04:52:15 GMT
Keep-Alive: timeout=60
Connection: keep-alive

{
    "id": 18,
    "name": "peter",
    "superName": "spider man2",
    "profession": "reporter",
    "age": 27,
    "canFly": false
}
  &amp#27;[32mGiven &amp#27;[0m&amp#27;[32mCreate a user to delete&amp#27;[0m           &amp#27;[90m# steps.MyStepdefs.createAUserToDelete()&amp#27;[0m
Request method:	DELETE
Request URI:	http://localhost:8090/heroes/18
Proxy:			<none>
Request params:	<none>
Query params:	<none>
Form params:	<none>
Path params:	<none>
Headers:		Accept=application/json
				Authorization=Basic dXNlcm5hbWU6cGFzc3dvcmQ=
				Content-Type=application/json
Cookies:		<none>
Multiparts:		<none>
Body:			<none>
HTTP/1.1 200 
Set-Cookie: JSESSIONID=942645715EA68AEF4F1489C8CD25DE32; Path=/; HttpOnly
X-Content-Type-Options: nosniff
X-XSS-Protection: 1; mode=block
Cache-Control: no-cache, no-store, max-age=0, must-revalidate
Pragma: no-cache
Expires: 0
X-Frame-Options: DENY
Content-Type: application/json
Content-Length: 24
Date: Tue, 16 Aug 2022 04:52:16 GMT
Keep-Alive: timeout=60
Connection: keep-alive

Deleted successfully...!
  &amp#27;[32mWhen &amp#27;[0m&amp#27;[32mdelete the super hero&amp#27;[0m              &amp#27;[90m# steps.MyStepdefs.deleteTheSuperHero()&amp#27;[0m
  &amp#27;[32mThen &amp#27;[0m&amp#27;[32msuper hero Deleted&amp#27;[0m                 &amp#27;[90m# steps.MyStepdefs.superHeroDeleted()&amp#27;[0m
]]></system-out>
  </testcase>
  <testcase name="runScenario[&quot;Verify that the invalid user is deleted&quot;, &quot;Optional[Super Hero Feature]&quot;](18)" classname="runner.TestRunner" time="0.343">
    <system-out><![CDATA[
Scenario: Verify that the invalid user is deleted &amp#27;[90m# src/test/java/features/SuperHero.feature:91&amp#27;[0m
  &amp#27;[32mGiven &amp#27;[0m&amp#27;[32ma user details&amp#27;[0m                            &amp#27;[90m# steps.MyStepdefs.aUserDetails()&amp#27;[0m
Request method:	DELETE
Request URI:	http://localhost:8090/heroes/1000
Proxy:			<none>
Request params:	<none>
Query params:	<none>
Form params:	<none>
Path params:	<none>
Headers:		Accept=application/json
				Authorization=Basic dXNlcm5hbWU6cGFzc3dvcmQ=
				Content-Type=application/json
Cookies:		<none>
Multiparts:		<none>
Body:			<none>
HTTP/1.1 200 
Set-Cookie: JSESSIONID=004CD0C64286D2EBD4D7C01F15F20531; Path=/; HttpOnly
X-Content-Type-Options: nosniff
X-XSS-Protection: 1; mode=block
Cache-Control: no-cache, no-store, max-age=0, must-revalidate
Pragma: no-cache
Expires: 0
X-Frame-Options: DENY
Content-Type: application/json
Content-Length: 24
Date: Tue, 16 Aug 2022 04:52:16 GMT
Keep-Alive: timeout=60
Connection: keep-alive

Deleted successfully...!
  &amp#27;[32mWhen &amp#27;[0m&amp#27;[32mdeleted invalid super hero&amp#27;[0m                 &amp#27;[90m# steps.MyStepdefs.deletedInvalidSuperHero()&amp#27;[0m
  &amp#27;[32mThen &amp#27;[0m&amp#27;[32mdisplay deleted msg&amp#27;[0m                        &amp#27;[90m# steps.MyStepdefs.displayDeletedMsg()&amp#27;[0m
]]></system-out>
  </testcase>
</testsuite>